<?xml version="1.0" encoding="UTF-8"?>
<!-- Generated by org.testng.reporters.JUnitXMLReporter -->
<testsuite ignored="0" hostname="LAPTOP-0NFICUTO" failures="0" tests="3" name="ChromeTest" time="0.085" errors="0" timestamp="2023-06-20T02:55:08 IST">
  <testcase classname="TestCases.testcase" name="@BeforeMethod Setup" time="-1.687209908585E9">
    <failure type="org.testng.TestNGException" message="
Can inject only one of &amp;lt;ITestContext, XmlTest, Method, Object[], ITestResult&amp;gt; into a @BeforeMethod annotated Setup.
For more information on native dependency injection please refer to https://testng.org/doc/documentation-main.html#native-dependency-injection">
      <![CDATA[org.testng.TestNGException: 
Can inject only one of <ITestContext, XmlTest, Method, Object[], ITestResult> into a @BeforeMethod annotated Setup.
For more information on native dependency injection please refer to https://testng.org/doc/documentation-main.html#native-dependency-injection
at java.base/java.util.ArrayList.forEach(ArrayList.java:1511)
at java.base/java.util.concurrent.FutureTask.run(FutureTask.java:264)
at java.base/java.util.concurrent.ThreadPoolExecutor.runWorker(ThreadPoolExecutor.java:1130)
at java.base/java.util.concurrent.ThreadPoolExecutor$Worker.run(ThreadPoolExecutor.java:630)
at java.base/java.lang.Thread.run(Thread.java:832)
... Removed 19 stack frames]]>
    </failure>
  </testcase> <!-- @BeforeMethod Setup -->
  <testcase classname="TestCases.testcase" name="@BeforeMethod Setup" time="-1.687209908625E9">
    <skipped/>
  </testcase> <!-- @BeforeMethod Setup -->
  <testcase classname="TestCases.testcase" name="@BeforeMethod Setup" time="-1.687209908629E9">
    <skipped/>
  </testcase> <!-- @BeforeMethod Setup -->
  <testcase classname="TestCases.testcase" name="test" time="0.0">
    <skipped/>
  </testcase> <!-- test -->
  <testcase classname="TestCases.testcase" name="test2" time="0.0">
    <skipped/>
  </testcase> <!-- test2 -->
  <testcase classname="TestCases.testcase" name="test3" time="0.0">
    <skipped/>
  </testcase> <!-- test3 -->
</testsuite> <!-- ChromeTest -->
